Copyright 1986-2016 Xilinx, Inc. All Rights Reserved.
-----------------------------------------------------------------------------------------------------
| Tool Version      : Vivado v.2016.2 (win64) Build 1577090 Thu Jun  2 16:32:40 MDT 2016
| Date              : Sun May 21 13:31:05 2017
| Host              : DREAM running 64-bit major release  (build 9200)
| Command           : report_clock_utilization -file FrequencyModulator_clock_utilization_routed.rpt
| Design            : FrequencyModulator
| Device            : 7a200t-sbg484
| Speed File        : -1  PRODUCTION 1.14 2014-09-11
| Temperature Grade : C
-----------------------------------------------------------------------------------------------------

Clock Utilization Report

Table of Contents
-----------------
1. Clock Primitive Utilization
2. Global Clock Resources
3. Global Clock Source Details
4. Local Clock Details
5. Clock Regions: Key Resource Utilization
6. Clock Regions : Global Clock Summary
7. Cell Type Counts per Global Clock: Region X1Y0
8. Cell Type Counts per Global Clock: Region X0Y1
9. Cell Type Counts per Global Clock: Region X1Y1
10. Cell Type Counts per Global Clock: Region X0Y2
11. Cell Type Counts per Global Clock: Region X1Y2
12. Load Cell Placement Summary for Global Clock g0
13. Load Cell Placement Summary for Global Clock g1
14. Load Cell Placement Summary for Global Clock g2

1. Clock Primitive Utilization
------------------------------

+----------+------+-----------+-----+--------------+--------+
| Type     | Used | Available | LOC | Clock Region | Pblock |
+----------+------+-----------+-----+--------------+--------+
| BUFGCTRL |    3 |        32 |   0 |            0 |      0 |
| BUFH     |    0 |       120 |   0 |            0 |      0 |
| BUFIO    |    0 |        40 |   0 |            0 |      0 |
| BUFMR    |    0 |        20 |   0 |            0 |      0 |
| BUFR     |    0 |        40 |   0 |            0 |      0 |
| MMCM     |    0 |        10 |   0 |            0 |      0 |
| PLL      |    0 |        10 |   0 |            0 |      0 |
+----------+------+-----------+-----+--------------+--------+


2. Global Clock Resources
-------------------------

+-------+-------+-----------------+------------+---------------+--------------+------+-------------------+---------------+-------------+-----------------+--------------+---------------------------------------------------------------------+-----------------------------------------------+--------------------------+
| GlbID | SrcId | Driver Type/Pin | Constraint | Site          | Clock Region | Root | Clock Delay Group | Clock Regions | Clock Loads | Non-Clock Loads | Clock Period | Clock                                                               | Driver Pin                                    | Net                      |
+-------+-------+-----------------+------------+---------------+--------------+------+-------------------+---------------+-------------+-----------------+--------------+---------------------------------------------------------------------+-----------------------------------------------+--------------------------+
| g0    | src0  | BUFG/O          | None       | BUFGCTRL_X0Y0 | n/a          |      |                   |             5 |        4814 |               0 |       10.000 | sysclk                                                              | sysclk_IBUF_BUFG_inst/O                       | sysclk_IBUF_BUFG         |
| g1    | src1  | BUFG/O          | None       | BUFGCTRL_X0Y1 | n/a          |      |                   |             1 |         269 |               0 |       30.000 | dbg_hub/inst/N_EXT_BSCAN.bscan_inst/SERIES7_BSCAN.bscan_inst/DRCK   | dbg_hub/inst/N_EXT_BSCAN.u_bufg_icon/O        | dbg_hub/inst/idrck       |
| g2    | src1  | BUFG/O          | None       | BUFGCTRL_X0Y2 | n/a          |      |                   |             1 |           1 |               0 |       60.000 | dbg_hub/inst/N_EXT_BSCAN.bscan_inst/SERIES7_BSCAN.bscan_inst/UPDATE | dbg_hub/inst/N_EXT_BSCAN.u_bufg_icon_update/O | dbg_hub/inst/UPDATE_temp |
+-------+-------+-----------------+------------+---------------+--------------+------+-------------------+---------------+-------------+-----------------+--------------+---------------------------------------------------------------------+-----------------------------------------------+--------------------------+
* Note: Multiple constraint types applied to the driver. Please check for potential conflicts.


3. Global Clock Source Details
------------------------------

+-------+--------+-----------------+------------+------------+--------------+-------------+-----------------+---------------------+---------------------------------------------------------------------+---------------------------------------------------------------------+--------------------------------------------+
| SrcID | GlbIDs | Driver Type/Pin | Constraint | Site       | Clock Region | Clock Loads | Non-Clock Loads | Source Clock Period | Source Clock                                                        | Driver Pin                                                          | Net                                        |
+-------+--------+-----------------+------------+------------+--------------+-------------+-----------------+---------------------+---------------------------------------------------------------------+---------------------------------------------------------------------+--------------------------------------------+
| src0  | g0     | IBUF/O          | IOB_X1Y124 | IOB_X1Y124 | X1Y2         |           0 |               1 |              10.000 | sysclk                                                              | sysclk_IBUF_inst/O                                                  | sysclk_IBUF                                |
| src1  | g1     | BSCANE2/DRCK    | None       | BSCAN_X0Y0 | X0Y2         |           0 |               1 |              30.000 | dbg_hub/inst/N_EXT_BSCAN.bscan_inst/SERIES7_BSCAN.bscan_inst/DRCK   | dbg_hub/inst/N_EXT_BSCAN.bscan_inst/SERIES7_BSCAN.bscan_inst/DRCK   | dbg_hub/inst/N_EXT_BSCAN.bscan_inst/DRCK   |
| src1  | g2     | BSCANE2/UPDATE  | None       | BSCAN_X0Y0 | X0Y2         |           0 |               1 |              60.000 | dbg_hub/inst/N_EXT_BSCAN.bscan_inst/SERIES7_BSCAN.bscan_inst/UPDATE | dbg_hub/inst/N_EXT_BSCAN.bscan_inst/SERIES7_BSCAN.bscan_inst/UPDATE | dbg_hub/inst/N_EXT_BSCAN.bscan_inst/UPDATE |
+-------+--------+-----------------+------------+------------+--------------+-------------+-----------------+---------------------+---------------------------------------------------------------------+---------------------------------------------------------------------+--------------------------------------------+
* Note: Multiple constraint types applied to the driver. Please check for potential conflicts.


4. Local Clock Details
----------------------

+-------+-----------------+------------+----------+--------------+-------------+-----------------+--------------+-------+------------+-----+
| LocId | Driver Type/Pin | Constraint | Site/BEL | Clock Region | Clock Loads | Non-Clock Loads | Clock Period | Clock | Driver Pin | Net |
+-------+-----------------+------------+----------+--------------+-------------+-----------------+--------------+-------+------------+-----+
* Note: Multiple constraint types applied to the driver. Please check for potential conflicts.


5. Clock Regions: Key Resource Utilization
------------------------------------------

+-------------------+--------------+--------------+--------------+--------------+--------------+--------------+--------------+--------------+--------------+--------------+--------------+--------------+--------------+--------------+--------------+
|                   | Global Clock |     BUFRs    |    BUFMRs    |    BUFIOs    |     MMCM     |      PLL     |      GT      |      PCI     |    ILOGIC    |    OLOGIC    |      FF      |     LUTM     |    RAMB18    |    RAMB36    |    DSP48E2   |
+-------------------+------+-------+------+-------+------+-------+------+-------+------+-------+------+-------+------+-------+------+-------+------+-------+------+-------+------+-------+------+-------+------+-------+------+-------+------+-------+
| Clock Region Name | Used | Avail | Used | Avail | Used | Avail | Used | Avail | Used | Avail | Used | Avail | Used | Avail | Used | Avail | Used | Avail | Used | Avail | Used | Avail | Used | Avail | Used | Avail | Used | Avail | Used | Avail |
+-------------------+------+-------+------+-------+------+-------+------+-------+------+-------+------+-------+------+-------+------+-------+------+-------+------+-------+------+-------+------+-------+------+-------+------+-------+------+-------+
| X0Y0              |    0 |    12 |    0 |     4 |    0 |     2 |    0 |     4 |    0 |     1 |    0 |     1 |    0 |     5 |    0 |     0 |    0 |    50 |    0 |    50 |    0 | 21600 |    0 |  3200 |    0 |     0 |    0 |    30 |    0 |    60 |
| X1Y0              |    1 |    12 |    0 |     4 |    0 |     2 |    0 |     4 |    0 |     1 |    0 |     1 |    0 |     5 |    0 |     0 |    0 |    50 |    0 |    50 |    1 | 20000 |    1 |  3200 |    0 |     0 |   14 |    20 |    0 |    40 |
| X0Y1              |    1 |    12 |    0 |     4 |    0 |     2 |    0 |     4 |    0 |     1 |    0 |     1 |    0 |     0 |    0 |     0 |    0 |    50 |    0 |    50 |   40 | 33600 |    3 |  5600 |    0 |     0 |   37 |    50 |    0 |   100 |
| X1Y1              |    3 |    12 |    0 |     4 |    0 |     2 |    0 |     4 |    0 |     1 |    0 |     1 |    0 |     0 |    0 |     0 |    0 |    50 |    0 |    50 | 3035 | 32000 |  504 |  5600 |    0 |     0 |   39 |    40 |    0 |    80 |
| X0Y2              |    1 |    12 |    0 |     4 |    0 |     2 |    0 |     4 |    0 |     1 |    0 |     1 |    0 |     0 |    0 |     0 |    0 |    50 |    0 |    50 |    8 | 28800 |    1 |  5600 |    0 |     0 |   18 |    50 |    0 |   100 |
| X1Y2              |    1 |    12 |    0 |     4 |    0 |     2 |    0 |     4 |    0 |     1 |    0 |     1 |    0 |     0 |    0 |     0 |    0 |    50 |    0 |    50 |  351 | 32000 |   22 |  5600 |    0 |     0 |   12 |    40 |    0 |    80 |
| X0Y3              |    0 |    12 |    0 |     4 |    0 |     2 |    0 |     4 |    0 |     1 |    0 |     1 |    0 |     0 |    0 |     0 |    0 |    50 |    0 |    50 |    0 | 28800 |    0 |  5600 |    0 |     0 |    0 |    50 |    0 |   100 |
| X1Y3              |    0 |    12 |    0 |     4 |    0 |     2 |    0 |     4 |    0 |     1 |    0 |     1 |    0 |     0 |    0 |     0 |    0 |    50 |    0 |    50 |    0 | 32000 |    0 |  5600 |    0 |     0 |    0 |    40 |    0 |    80 |
| X0Y4              |    0 |    12 |    0 |     4 |    0 |     2 |    0 |     4 |    0 |     1 |    0 |     1 |    0 |     5 |    0 |     0 |    0 |    50 |    0 |    50 |    0 | 20400 |    0 |  3000 |    0 |     0 |    0 |    25 |    0 |    60 |
| X1Y4              |    0 |    12 |    0 |     4 |    0 |     2 |    0 |     4 |    0 |     1 |    0 |     1 |    0 |     5 |    0 |     0 |    0 |    50 |    0 |    50 |    0 | 20000 |    0 |  3200 |    0 |     0 |    0 |    20 |    0 |    40 |
+-------------------+------+-------+------+-------+------+-------+------+-------+------+-------+------+-------+------+-------+------+-------+------+-------+------+-------+------+-------+------+-------+------+-------+------+-------+------+-------+
* Used Global Clocks includes only global clock resources based on load placement but does not consider global clock resources used to traverse a clock region. Therefore the actual total of Used Global Clocks may be higher.
** RAMB36 site can be used as two RAMB18/FIFO18 sites.


6. Clock Regions : Global Clock Summary
---------------------------------------

+----+----+----+
|    | X0 | X1 |
+----+----+----+
| Y4 |  0 |  0 |
| Y3 |  0 |  0 |
| Y2 |  1 |  1 |
| Y1 |  1 |  3 |
| Y0 |  0 |  1 |
+----+----+----+
* Used Global Clocks includes only global clock resources based on load placement but does not consider global clock resources used to traverse a clock region. Therefore the actual total of Used Global Clocks may be higher.


7. Cell Type Counts per Global Clock: Region X1Y0
-------------------------------------------------

+-------+-------+-----------------+------------+-------------+-----------------+----+--------+------+-----+----+------+-----+---------+------------------+
| GlbID | Track | Driver Type/Pin | Constraint | Clock Loads | Non-Clock Loads | FF | LUTRAM | RAMB | DSP | GT | MMCM | PLL | Hard IP | Net              |
+-------+-------+-----------------+------------+-------------+-----------------+----+--------+------+-----+----+------+-----+---------+------------------+
| g0    | n/a   | BUFG/O          | None       |           0 |              15 |  1 |      1 |   14 |   0 |  0 |    0 |   0 |       0 | sysclk_IBUF_BUFG |
+-------+-------+-----------------+------------+-------------+-----------------+----+--------+------+-----+----+------+-----+---------+------------------+
* Note: Multiple constraint types applied to the driver. Please check for potential conflicts.


8. Cell Type Counts per Global Clock: Region X0Y1
-------------------------------------------------

+-------+-------+-----------------+------------+-------------+-----------------+----+--------+------+-----+----+------+-----+---------+------------------+
| GlbID | Track | Driver Type/Pin | Constraint | Clock Loads | Non-Clock Loads | FF | LUTRAM | RAMB | DSP | GT | MMCM | PLL | Hard IP | Net              |
+-------+-------+-----------------+------------+-------------+-----------------+----+--------+------+-----+----+------+-----+---------+------------------+
| g0    | n/a   | BUFG/O          | None       |           0 |              77 | 40 |      3 |   37 |   0 |  0 |    0 |   0 |       0 | sysclk_IBUF_BUFG |
+-------+-------+-----------------+------------+-------------+-----------------+----+--------+------+-----+----+------+-----+---------+------------------+
* Note: Multiple constraint types applied to the driver. Please check for potential conflicts.


9. Cell Type Counts per Global Clock: Region X1Y1
-------------------------------------------------

+-------+-------+-----------------+------------+-------------+-----------------+------+--------+------+-----+----+------+-----+---------+--------------------------+
| GlbID | Track | Driver Type/Pin | Constraint | Clock Loads | Non-Clock Loads | FF   | LUTRAM | RAMB | DSP | GT | MMCM | PLL | Hard IP | Net                      |
+-------+-------+-----------------+------------+-------------+-----------------+------+--------+------+-----+----+------+-----+---------+--------------------------+
| g0    | n/a   | BUFG/O          | None       |           0 |            2847 | 2808 |    493 |   39 |   0 |  0 |    0 |   0 |       0 | sysclk_IBUF_BUFG         |
| g1    | n/a   | BUFG/O          | None       |           0 |             228 |  228 |     13 |    0 |   0 |  0 |    0 |   0 |       0 | dbg_hub/inst/idrck       |
| g2    | n/a   | BUFG/O          | None       |           0 |               1 |    1 |      0 |    0 |   0 |  0 |    0 |   0 |       0 | dbg_hub/inst/UPDATE_temp |
+-------+-------+-----------------+------------+-------------+-----------------+------+--------+------+-----+----+------+-----+---------+--------------------------+
* Note: Multiple constraint types applied to the driver. Please check for potential conflicts.


10. Cell Type Counts per Global Clock: Region X0Y2
--------------------------------------------------

+-------+-------+-----------------+------------+-------------+-----------------+----+--------+------+-----+----+------+-----+---------+------------------+
| GlbID | Track | Driver Type/Pin | Constraint | Clock Loads | Non-Clock Loads | FF | LUTRAM | RAMB | DSP | GT | MMCM | PLL | Hard IP | Net              |
+-------+-------+-----------------+------------+-------------+-----------------+----+--------+------+-----+----+------+-----+---------+------------------+
| g0    | n/a   | BUFG/O          | None       |           0 |              26 |  8 |      1 |   18 |   0 |  0 |    0 |   0 |       0 | sysclk_IBUF_BUFG |
+-------+-------+-----------------+------------+-------------+-----------------+----+--------+------+-----+----+------+-----+---------+------------------+
* Note: Multiple constraint types applied to the driver. Please check for potential conflicts.


11. Cell Type Counts per Global Clock: Region X1Y2
--------------------------------------------------

+-------+-------+-----------------+------------+-------------+-----------------+-----+--------+------+-----+----+------+-----+---------+------------------+
| GlbID | Track | Driver Type/Pin | Constraint | Clock Loads | Non-Clock Loads | FF  | LUTRAM | RAMB | DSP | GT | MMCM | PLL | Hard IP | Net              |
+-------+-------+-----------------+------------+-------------+-----------------+-----+--------+------+-----+----+------+-----+---------+------------------+
| g0    | n/a   | BUFG/O          | None       |           0 |             365 | 351 |     22 |   12 |   0 |  0 |    0 |   0 |       0 | sysclk_IBUF_BUFG |
+-------+-------+-----------------+------------+-------------+-----------------+-----+--------+------+-----+----+------+-----+---------+------------------+
* Note: Multiple constraint types applied to the driver. Please check for potential conflicts.


12. Load Cell Placement Summary for Global Clock g0
---------------------------------------------------

+-------+-----------------+-------------------+--------+-------------+---------------+----------+-------------+----------+-------------+----+------------------+
| GlbID | Driver Type/Pin | Driver Region (D) | Clock  | Period (ns) | Waveform (ns) | Root (R) | Slice Loads | IO Loads | Clock Loads | GT | Net              |
+-------+-----------------+-------------------+--------+-------------+---------------+----------+-------------+----------+-------------+----+------------------+
| g0    | BUFG/O          | n/a               | sysclk |      10.000 | {0.000 5.000} |          |        3330 |        0 |           0 |  0 | sysclk_IBUF_BUFG |
+-------+-----------------+-------------------+--------+-------------+---------------+----------+-------------+----------+-------------+----+------------------+


+----+-----+-------+
|    | X0  | X1    |
+----+-----+-------+
| Y4 |   0 |     0 |
| Y3 |   0 |     0 |
| Y2 |  26 |   365 |
| Y1 |  77 |  2847 |
| Y0 |   0 |    15 |
+----+-----+-------+


13. Load Cell Placement Summary for Global Clock g1
---------------------------------------------------

+-------+-----------------+-------------------+-------------------------------------------------------------------+-------------+----------------+----------+-------------+----------+-------------+----+--------------------+
| GlbID | Driver Type/Pin | Driver Region (D) | Clock                                                             | Period (ns) | Waveform (ns)  | Root (R) | Slice Loads | IO Loads | Clock Loads | GT | Net                |
+-------+-----------------+-------------------+-------------------------------------------------------------------+-------------+----------------+----------+-------------+----------+-------------+----+--------------------+
| g1    | BUFG/O          | n/a               | dbg_hub/inst/N_EXT_BSCAN.bscan_inst/SERIES7_BSCAN.bscan_inst/DRCK |      30.000 | {0.000 15.000} |          |         228 |        0 |           0 |  0 | dbg_hub/inst/idrck |
+-------+-----------------+-------------------+-------------------------------------------------------------------+-------------+----------------+----------+-------------+----------+-------------+----+--------------------+


+----+----+------+
|    | X0 | X1   |
+----+----+------+
| Y4 |  0 |    0 |
| Y3 |  0 |    0 |
| Y2 |  0 |    0 |
| Y1 |  0 |  228 |
| Y0 |  0 |    0 |
+----+----+------+


14. Load Cell Placement Summary for Global Clock g2
---------------------------------------------------

+-------+-----------------+-------------------+---------------------------------------------------------------------+-------------+----------------+----------+-------------+----------+-------------+----+--------------------------+
| GlbID | Driver Type/Pin | Driver Region (D) | Clock                                                               | Period (ns) | Waveform (ns)  | Root (R) | Slice Loads | IO Loads | Clock Loads | GT | Net                      |
+-------+-----------------+-------------------+---------------------------------------------------------------------+-------------+----------------+----------+-------------+----------+-------------+----+--------------------------+
| g2    | BUFG/O          | n/a               | dbg_hub/inst/N_EXT_BSCAN.bscan_inst/SERIES7_BSCAN.bscan_inst/UPDATE |      60.000 | {0.000 30.000} |          |           1 |        0 |           0 |  0 | dbg_hub/inst/UPDATE_temp |
+-------+-----------------+-------------------+---------------------------------------------------------------------+-------------+----------------+----------+-------------+----------+-------------+----+--------------------------+


+----+----+----+
|    | X0 | X1 |
+----+----+----+
| Y4 |  0 |  0 |
| Y3 |  0 |  0 |
| Y2 |  0 |  0 |
| Y1 |  0 |  1 |
| Y0 |  0 |  0 |
+----+----+----+



# Location of BUFG Primitives 
set_property LOC BUFGCTRL_X0Y0 [get_cells sysclk_IBUF_BUFG_inst]
set_property LOC BUFGCTRL_X0Y1 [get_cells dbg_hub/inst/N_EXT_BSCAN.u_bufg_icon]
set_property LOC BUFGCTRL_X0Y2 [get_cells dbg_hub/inst/N_EXT_BSCAN.u_bufg_icon_update]

# Location of IO Primitives which is load of clock spine

# Location of clock ports
set_property LOC IOB_X1Y124 [get_ports sysclk]

# Clock net "sysclk_IBUF_BUFG" driven by instance "sysclk_IBUF_BUFG_inst" located at site "BUFGCTRL_X0Y0"
#startgroup
create_pblock {CLKAG_sysclk_IBUF_BUFG}
add_cells_to_pblock [get_pblocks  {CLKAG_sysclk_IBUF_BUFG}] [get_cells -filter { PRIMITIVE_GROUP != I/O && IS_PRIMITIVE==1 && PRIMITIVE_LEVEL !=INTERNAL } -of_object [get_pins -filter {DIRECTION==IN} -of_objects [get_nets -hierarchical -filter {PARENT=="sysclk_IBUF_BUFG"}]]]
resize_pblock [get_pblocks {CLKAG_sysclk_IBUF_BUFG}] -add {CLOCKREGION_X0Y1:CLOCKREGION_X0Y1 CLOCKREGION_X0Y2:CLOCKREGION_X0Y2 CLOCKREGION_X1Y0:CLOCKREGION_X1Y0 CLOCKREGION_X1Y1:CLOCKREGION_X1Y1 CLOCKREGION_X1Y2:CLOCKREGION_X1Y2}
#endgroup

# Clock net "dbg_hub/inst/idrck" driven by instance "dbg_hub/inst/N_EXT_BSCAN.u_bufg_icon" located at site "BUFGCTRL_X0Y1"
#startgroup
create_pblock {CLKAG_dbg_hub/inst/idrck}
add_cells_to_pblock [get_pblocks  {CLKAG_dbg_hub/inst/idrck}] [get_cells -filter { PRIMITIVE_GROUP != I/O && IS_PRIMITIVE==1 && PRIMITIVE_LEVEL !=INTERNAL } -of_object [get_pins -filter {DIRECTION==IN} -of_objects [get_nets -hierarchical -filter {PARENT=="dbg_hub/inst/idrck"}]]]
resize_pblock [get_pblocks {CLKAG_dbg_hub/inst/idrck}] -add {CLOCKREGION_X1Y1:CLOCKREGION_X1Y1}
#endgroup

# Clock net "dbg_hub/inst/UPDATE_temp" driven by instance "dbg_hub/inst/N_EXT_BSCAN.u_bufg_icon_update" located at site "BUFGCTRL_X0Y2"
#startgroup
create_pblock {CLKAG_dbg_hub/inst/UPDATE_temp}
add_cells_to_pblock [get_pblocks  {CLKAG_dbg_hub/inst/UPDATE_temp}] [get_cells -filter { PRIMITIVE_GROUP != I/O && IS_PRIMITIVE==1 && PRIMITIVE_LEVEL !=INTERNAL } -of_object [get_pins -filter {DIRECTION==IN} -of_objects [get_nets -hierarchical -filter {PARENT=="dbg_hub/inst/UPDATE_temp"}]]]
resize_pblock [get_pblocks {CLKAG_dbg_hub/inst/UPDATE_temp}] -add {CLOCKREGION_X1Y1:CLOCKREGION_X1Y1}
#endgroup
