
*** Running vivado
    with args -log dds_compiler_0.vds -m64 -mode batch -messageDb vivado.pb -notrace -source dds_compiler_0.tcl


****** Vivado v2016.2 (64-bit)
  **** SW Build 1577090 on Thu Jun  2 16:32:40 MDT 2016
  **** IP Build 1577682 on Fri Jun  3 12:00:54 MDT 2016
    ** Copyright 1986-2016 Xilinx, Inc. All Rights Reserved.

source dds_compiler_0.tcl -notrace
Command: synth_design -top dds_compiler_0 -part xc7a200tsbg484-1 -mode out_of_context
Starting synth_design
Attempting to get a license for feature 'Synthesis' and/or device 'xc7a200t'
INFO: [Common 17-349] Got license for feature 'Synthesis' and/or device 'xc7a200t'
INFO: Launching helper process for spawning children vivado processes
INFO: Helper process launched with PID 7272 
---------------------------------------------------------------------------------
Starting RTL Elaboration : Time (s): cpu = 00:00:23 ; elapsed = 00:00:25 . Memory (MB): peak = 288.738 ; gain = 82.223
---------------------------------------------------------------------------------
INFO: [Synth 8-638] synthesizing module 'dds_compiler_0' [d:/Study/FPGA/FrequencyModulator/FrequencyModulator.srcs/sources_1/ip/dds_compiler_0/synth/dds_compiler_0.vhd:71]
WARNING: [Synth 8-5640] Port 'debug_axi_pinc_in' is missing in component declaration [d:/Study/FPGA/FrequencyModulator/FrequencyModulator.srcs/sources_1/ip/dds_compiler_0/synth/dds_compiler_0.vhd:74]
WARNING: [Synth 8-5640] Port 'debug_axi_poff_in' is missing in component declaration [d:/Study/FPGA/FrequencyModulator/FrequencyModulator.srcs/sources_1/ip/dds_compiler_0/synth/dds_compiler_0.vhd:74]
WARNING: [Synth 8-5640] Port 'debug_axi_resync_in' is missing in component declaration [d:/Study/FPGA/FrequencyModulator/FrequencyModulator.srcs/sources_1/ip/dds_compiler_0/synth/dds_compiler_0.vhd:74]
WARNING: [Synth 8-5640] Port 'debug_axi_chan_in' is missing in component declaration [d:/Study/FPGA/FrequencyModulator/FrequencyModulator.srcs/sources_1/ip/dds_compiler_0/synth/dds_compiler_0.vhd:74]
WARNING: [Synth 8-5640] Port 'debug_core_nd' is missing in component declaration [d:/Study/FPGA/FrequencyModulator/FrequencyModulator.srcs/sources_1/ip/dds_compiler_0/synth/dds_compiler_0.vhd:74]
WARNING: [Synth 8-5640] Port 'debug_phase' is missing in component declaration [d:/Study/FPGA/FrequencyModulator/FrequencyModulator.srcs/sources_1/ip/dds_compiler_0/synth/dds_compiler_0.vhd:74]
WARNING: [Synth 8-5640] Port 'debug_phase_nd' is missing in component declaration [d:/Study/FPGA/FrequencyModulator/FrequencyModulator.srcs/sources_1/ip/dds_compiler_0/synth/dds_compiler_0.vhd:74]
INFO: [Synth 8-3491] module 'dds_compiler_v6_0_12' declared at 'd:/Study/FPGA/FrequencyModulator/FrequencyModulator.srcs/sources_1/ip/dds_compiler_0/dds_compiler_v6_0_12/hdl/dds_compiler_v6_0.vhd:60' bound to instance 'U0' of component 'dds_compiler_v6_0_12' [d:/Study/FPGA/FrequencyModulator/FrequencyModulator.srcs/sources_1/ip/dds_compiler_0/synth/dds_compiler_0.vhd:174]
INFO: [Synth 8-256] done synthesizing module 'dds_compiler_0' (9#1) [d:/Study/FPGA/FrequencyModulator/FrequencyModulator.srcs/sources_1/ip/dds_compiler_0/synth/dds_compiler_0.vhd:71]
WARNING: [Synth 8-3331] design xbip_pipe_v3_0_2_viv has unconnected port SSET
WARNING: [Synth 8-3331] design xbip_pipe_v3_0_2_viv has unconnected port SINIT
WARNING: [Synth 8-3331] design xbip_pipe_v3_0_2_viv__parameterized11 has unconnected port CLK
WARNING: [Synth 8-3331] design xbip_pipe_v3_0_2_viv__parameterized11 has unconnected port CE
WARNING: [Synth 8-3331] design xbip_pipe_v3_0_2_viv__parameterized11 has unconnected port SCLR
WARNING: [Synth 8-3331] design xbip_pipe_v3_0_2_viv__parameterized11 has unconnected port SSET
WARNING: [Synth 8-3331] design xbip_pipe_v3_0_2_viv__parameterized11 has unconnected port SINIT
WARNING: [Synth 8-3331] design xbip_pipe_v3_0_2_viv__parameterized9 has unconnected port CLK
WARNING: [Synth 8-3331] design xbip_pipe_v3_0_2_viv__parameterized9 has unconnected port CE
WARNING: [Synth 8-3331] design xbip_pipe_v3_0_2_viv__parameterized9 has unconnected port SCLR
WARNING: [Synth 8-3331] design xbip_pipe_v3_0_2_viv__parameterized9 has unconnected port SSET
WARNING: [Synth 8-3331] design xbip_pipe_v3_0_2_viv__parameterized9 has unconnected port SINIT
WARNING: [Synth 8-3331] design xbip_pipe_v3_0_2_viv__parameterized35 has unconnected port CLK
WARNING: [Synth 8-3331] design xbip_pipe_v3_0_2_viv__parameterized35 has unconnected port CE
WARNING: [Synth 8-3331] design xbip_pipe_v3_0_2_viv__parameterized35 has unconnected port SCLR
WARNING: [Synth 8-3331] design xbip_pipe_v3_0_2_viv__parameterized35 has unconnected port SSET
WARNING: [Synth 8-3331] design xbip_pipe_v3_0_2_viv__parameterized35 has unconnected port SINIT
WARNING: [Synth 8-3331] design xbip_pipe_v3_0_2_viv__parameterized33 has unconnected port CLK
WARNING: [Synth 8-3331] design xbip_pipe_v3_0_2_viv__parameterized33 has unconnected port CE
WARNING: [Synth 8-3331] design xbip_pipe_v3_0_2_viv__parameterized33 has unconnected port SCLR
WARNING: [Synth 8-3331] design xbip_pipe_v3_0_2_viv__parameterized33 has unconnected port SSET
WARNING: [Synth 8-3331] design xbip_pipe_v3_0_2_viv__parameterized33 has unconnected port SINIT
WARNING: [Synth 8-3331] design xbip_pipe_v3_0_2_viv__parameterized27 has unconnected port CLK
WARNING: [Synth 8-3331] design xbip_pipe_v3_0_2_viv__parameterized27 has unconnected port CE
WARNING: [Synth 8-3331] design xbip_pipe_v3_0_2_viv__parameterized27 has unconnected port SCLR
WARNING: [Synth 8-3331] design xbip_pipe_v3_0_2_viv__parameterized27 has unconnected port SSET
WARNING: [Synth 8-3331] design xbip_pipe_v3_0_2_viv__parameterized27 has unconnected port SINIT
WARNING: [Synth 8-3331] design xbip_pipe_v3_0_2_viv__parameterized25 has unconnected port CLK
WARNING: [Synth 8-3331] design xbip_pipe_v3_0_2_viv__parameterized25 has unconnected port CE
WARNING: [Synth 8-3331] design xbip_pipe_v3_0_2_viv__parameterized25 has unconnected port SCLR
WARNING: [Synth 8-3331] design xbip_pipe_v3_0_2_viv__parameterized25 has unconnected port SSET
WARNING: [Synth 8-3331] design xbip_pipe_v3_0_2_viv__parameterized25 has unconnected port SINIT
WARNING: [Synth 8-3331] design xbip_pipe_v3_0_2_viv__parameterized23 has unconnected port CLK
WARNING: [Synth 8-3331] design xbip_pipe_v3_0_2_viv__parameterized23 has unconnected port CE
WARNING: [Synth 8-3331] design xbip_pipe_v3_0_2_viv__parameterized23 has unconnected port SCLR
WARNING: [Synth 8-3331] design xbip_pipe_v3_0_2_viv__parameterized23 has unconnected port SSET
WARNING: [Synth 8-3331] design xbip_pipe_v3_0_2_viv__parameterized23 has unconnected port SINIT
WARNING: [Synth 8-3331] design xbip_pipe_v3_0_2_viv__parameterized21 has unconnected port CLK
WARNING: [Synth 8-3331] design xbip_pipe_v3_0_2_viv__parameterized21 has unconnected port CE
WARNING: [Synth 8-3331] design xbip_pipe_v3_0_2_viv__parameterized21 has unconnected port SCLR
WARNING: [Synth 8-3331] design xbip_pipe_v3_0_2_viv__parameterized21 has unconnected port SSET
WARNING: [Synth 8-3331] design xbip_pipe_v3_0_2_viv__parameterized21 has unconnected port SINIT
WARNING: [Synth 8-3331] design xbip_pipe_v3_0_2_viv__parameterized19 has unconnected port CLK
WARNING: [Synth 8-3331] design xbip_pipe_v3_0_2_viv__parameterized19 has unconnected port CE
WARNING: [Synth 8-3331] design xbip_pipe_v3_0_2_viv__parameterized19 has unconnected port SCLR
WARNING: [Synth 8-3331] design xbip_pipe_v3_0_2_viv__parameterized19 has unconnected port SSET
WARNING: [Synth 8-3331] design xbip_pipe_v3_0_2_viv__parameterized19 has unconnected port SINIT
WARNING: [Synth 8-3331] design xbip_pipe_v3_0_2_viv__parameterized17 has unconnected port CLK
WARNING: [Synth 8-3331] design xbip_pipe_v3_0_2_viv__parameterized17 has unconnected port CE
WARNING: [Synth 8-3331] design xbip_pipe_v3_0_2_viv__parameterized17 has unconnected port SCLR
WARNING: [Synth 8-3331] design xbip_pipe_v3_0_2_viv__parameterized17 has unconnected port SSET
WARNING: [Synth 8-3331] design xbip_pipe_v3_0_2_viv__parameterized17 has unconnected port SINIT
WARNING: [Synth 8-3331] design sin_cos has unconnected port SCLR
WARNING: [Synth 8-3331] design xbip_pipe_v3_0_2_viv__parameterized13 has unconnected port CLK
WARNING: [Synth 8-3331] design xbip_pipe_v3_0_2_viv__parameterized13 has unconnected port CE
WARNING: [Synth 8-3331] design xbip_pipe_v3_0_2_viv__parameterized13 has unconnected port SCLR
WARNING: [Synth 8-3331] design xbip_pipe_v3_0_2_viv__parameterized13 has unconnected port SSET
WARNING: [Synth 8-3331] design xbip_pipe_v3_0_2_viv__parameterized13 has unconnected port SINIT
WARNING: [Synth 8-3331] design xbip_pipe_v3_0_2_viv__parameterized7 has unconnected port SCLR
WARNING: [Synth 8-3331] design xbip_pipe_v3_0_2_viv__parameterized7 has unconnected port SSET
WARNING: [Synth 8-3331] design xbip_pipe_v3_0_2_viv__parameterized7 has unconnected port SINIT
WARNING: [Synth 8-3331] design xbip_pipe_v3_0_2_viv__parameterized5 has unconnected port CLK
WARNING: [Synth 8-3331] design xbip_pipe_v3_0_2_viv__parameterized5 has unconnected port CE
WARNING: [Synth 8-3331] design xbip_pipe_v3_0_2_viv__parameterized5 has unconnected port SCLR
WARNING: [Synth 8-3331] design xbip_pipe_v3_0_2_viv__parameterized5 has unconnected port SSET
WARNING: [Synth 8-3331] design xbip_pipe_v3_0_2_viv__parameterized5 has unconnected port SINIT
WARNING: [Synth 8-3331] design xbip_pipe_v3_0_2_viv__parameterized3 has unconnected port CLK
WARNING: [Synth 8-3331] design xbip_pipe_v3_0_2_viv__parameterized3 has unconnected port CE
WARNING: [Synth 8-3331] design xbip_pipe_v3_0_2_viv__parameterized3 has unconnected port SCLR
WARNING: [Synth 8-3331] design xbip_pipe_v3_0_2_viv__parameterized3 has unconnected port SSET
WARNING: [Synth 8-3331] design xbip_pipe_v3_0_2_viv__parameterized3 has unconnected port SINIT
WARNING: [Synth 8-3331] design accum has unconnected port chan_addr[0]
WARNING: [Synth 8-3331] design accum has unconnected port chan_addr_del2[0]
WARNING: [Synth 8-3331] design accum has unconnected port chan_addr_del3[0]
WARNING: [Synth 8-3331] design accum has unconnected port addr_i[3]
WARNING: [Synth 8-3331] design accum has unconnected port addr_i[2]
WARNING: [Synth 8-3331] design accum has unconnected port addr_i[1]
WARNING: [Synth 8-3331] design accum has unconnected port addr_i[0]
WARNING: [Synth 8-3331] design accum has unconnected port phase_inc_we
WARNING: [Synth 8-3331] design accum has unconnected port phase_adj_we
WARNING: [Synth 8-3331] design accum has unconnected port poff_in[31]
WARNING: [Synth 8-3331] design accum has unconnected port poff_in[30]
WARNING: [Synth 8-3331] design accum has unconnected port poff_in[29]
WARNING: [Synth 8-3331] design accum has unconnected port poff_in[28]
WARNING: [Synth 8-3331] design accum has unconnected port poff_in[27]
WARNING: [Synth 8-3331] design accum has unconnected port poff_in[26]
WARNING: [Synth 8-3331] design accum has unconnected port poff_in[25]
WARNING: [Synth 8-3331] design accum has unconnected port poff_in[24]
WARNING: [Synth 8-3331] design accum has unconnected port poff_in[23]
WARNING: [Synth 8-3331] design accum has unconnected port poff_in[22]
WARNING: [Synth 8-3331] design accum has unconnected port poff_in[21]
WARNING: [Synth 8-3331] design accum has unconnected port poff_in[20]
WARNING: [Synth 8-3331] design accum has unconnected port poff_in[19]
WARNING: [Synth 8-3331] design accum has unconnected port poff_in[18]
WARNING: [Synth 8-3331] design accum has unconnected port poff_in[17]
WARNING: [Synth 8-3331] design accum has unconnected port poff_in[16]
WARNING: [Synth 8-3331] design accum has unconnected port poff_in[15]
WARNING: [Synth 8-3331] design accum has unconnected port poff_in[14]
WARNING: [Synth 8-3331] design accum has unconnected port poff_in[13]
WARNING: [Synth 8-3331] design accum has unconnected port poff_in[12]
INFO: [Common 17-14] Message 'Synth 8-3331' appears 100 times and further instances of the messages will be disabled. Use the Tcl command set_msg_config to change the current settings.
---------------------------------------------------------------------------------
Finished RTL Elaboration : Time (s): cpu = 00:00:35 ; elapsed = 00:00:38 . Memory (MB): peak = 338.730 ; gain = 132.215
---------------------------------------------------------------------------------

Report Check Netlist: 
+------+------------------+-------+---------+-------+------------------+
|      |Item              |Errors |Warnings |Status |Description       |
+------+------------------+-------+---------+-------+------------------+
|1     |multi_driven_nets |      0|        0|Passed |Multi driven nets |
+------+------------------+-------+---------+-------+------------------+
---------------------------------------------------------------------------------
Finished RTL Optimization Phase 1 : Time (s): cpu = 00:00:36 ; elapsed = 00:00:38 . Memory (MB): peak = 338.730 ; gain = 132.215
---------------------------------------------------------------------------------
INFO: [Device 21-403] Loading part xc7a200tsbg484-1
INFO: [Project 1-570] Preparing netlist for logic optimization

Processing XDC Constraints
Initializing timing engine
Parsing XDC File [d:/Study/FPGA/FrequencyModulator/FrequencyModulator.srcs/sources_1/ip/dds_compiler_0/dds_compiler_0_ooc.xdc] for cell 'U0'
Finished Parsing XDC File [d:/Study/FPGA/FrequencyModulator/FrequencyModulator.srcs/sources_1/ip/dds_compiler_0/dds_compiler_0_ooc.xdc] for cell 'U0'
Parsing XDC File [D:/Study/FPGA/FrequencyModulator/FrequencyModulator.runs/dds_compiler_0_synth_1/dont_touch.xdc]
Finished Parsing XDC File [D:/Study/FPGA/FrequencyModulator/FrequencyModulator.runs/dds_compiler_0_synth_1/dont_touch.xdc]
Completed Processing XDC Constraints

INFO: [Project 1-111] Unisim Transformation Summary:
No Unisim elements were transformed.

Constraint Validation Runtime : Time (s): cpu = 00:00:00 ; elapsed = 00:00:00.043 . Memory (MB): peak = 654.137 ; gain = 0.000
---------------------------------------------------------------------------------
Finished Constraint Validation : Time (s): cpu = 00:01:09 ; elapsed = 00:01:14 . Memory (MB): peak = 654.137 ; gain = 447.621
---------------------------------------------------------------------------------
---------------------------------------------------------------------------------
Start Loading Part and Timing Information
---------------------------------------------------------------------------------
Loading part: xc7a200tsbg484-1
---------------------------------------------------------------------------------
Finished Loading Part and Timing Information : Time (s): cpu = 00:01:09 ; elapsed = 00:01:14 . Memory (MB): peak = 654.137 ; gain = 447.621
---------------------------------------------------------------------------------
---------------------------------------------------------------------------------
Start Applying 'set_property' XDC Constraints
---------------------------------------------------------------------------------
Applied set_property DONT_TOUCH = true for U0. (constraint file  auto generated constraint, line ).
---------------------------------------------------------------------------------
Finished applying 'set_property' XDC Constraints : Time (s): cpu = 00:01:10 ; elapsed = 00:01:15 . Memory (MB): peak = 654.137 ; gain = 447.621
---------------------------------------------------------------------------------
INFO: [Synth 8-5547] Trying to map ROM "sin_cos_lut" into Block RAM due to explicit "ram_style" or "rom_style" specification
INFO: [Synth 8-5547] Trying to map ROM "sin_cos_lut" into Block RAM due to explicit "ram_style" or "rom_style" specification
---------------------------------------------------------------------------------
Finished RTL Optimization Phase 2 : Time (s): cpu = 00:01:11 ; elapsed = 00:01:16 . Memory (MB): peak = 654.137 ; gain = 447.621
---------------------------------------------------------------------------------

Report RTL Partitions: 
+-+--------------+------------+----------+
| |RTL Partition |Replication |Instances |
+-+--------------+------------+----------+
+-+--------------+------------+----------+
---------------------------------------------------------------------------------
Start RTL Component Statistics 
---------------------------------------------------------------------------------
---------------------------------------------------------------------------------
Finished RTL Component Statistics 
---------------------------------------------------------------------------------
---------------------------------------------------------------------------------
Start RTL Hierarchical Component Statistics 
---------------------------------------------------------------------------------
---------------------------------------------------------------------------------
Finished RTL Hierarchical Component Statistics
---------------------------------------------------------------------------------
---------------------------------------------------------------------------------
Start Part Resource Summary
---------------------------------------------------------------------------------
Part Resources:
DSPs: 740 (col length:100)
BRAMs: 730 (col length: RAMB18 100 RAMB36 50)
---------------------------------------------------------------------------------
Finished Part Resource Summary
---------------------------------------------------------------------------------
Start Parallel Synthesis Optimization  : Time (s): cpu = 00:01:11 ; elapsed = 00:01:17 . Memory (MB): peak = 654.137 ; gain = 447.621
---------------------------------------------------------------------------------
Start Cross Boundary Optimization
---------------------------------------------------------------------------------
INFO: [Synth 8-5547] Trying to map ROM "p_0_out" into Block RAM due to explicit "ram_style" or "rom_style" specification
INFO: [Synth 8-5547] Trying to map ROM "p_0_out" into Block RAM due to explicit "ram_style" or "rom_style" specification
---------------------------------------------------------------------------------
Finished Cross Boundary Optimization : Time (s): cpu = 00:01:12 ; elapsed = 00:01:17 . Memory (MB): peak = 654.137 ; gain = 447.621
---------------------------------------------------------------------------------
Finished Parallel Reinference  : Time (s): cpu = 00:01:12 ; elapsed = 00:01:17 . Memory (MB): peak = 654.137 ; gain = 447.621

Report RTL Partitions: 
+-+--------------+------------+----------+
| |RTL Partition |Replication |Instances |
+-+--------------+------------+----------+
+-+--------------+------------+----------+
---------------------------------------------------------------------------------
Start Area Optimization
---------------------------------------------------------------------------------
---------------------------------------------------------------------------------
Finished Area Optimization : Time (s): cpu = 00:01:12 ; elapsed = 00:01:18 . Memory (MB): peak = 654.137 ; gain = 447.621
---------------------------------------------------------------------------------
Finished Parallel Area Optimization  : Time (s): cpu = 00:01:12 ; elapsed = 00:01:18 . Memory (MB): peak = 654.137 ; gain = 447.621

Report RTL Partitions: 
+-+--------------+------------+----------+
| |RTL Partition |Replication |Instances |
+-+--------------+------------+----------+
+-+--------------+------------+----------+
---------------------------------------------------------------------------------
Start Timing Optimization
---------------------------------------------------------------------------------
---------------------------------------------------------------------------------
Start Applying XDC Timing Constraints
---------------------------------------------------------------------------------
---------------------------------------------------------------------------------
Finished Applying XDC Timing Constraints : Time (s): cpu = 00:01:46 ; elapsed = 00:01:54 . Memory (MB): peak = 654.137 ; gain = 447.621
---------------------------------------------------------------------------------
---------------------------------------------------------------------------------
Finished Timing Optimization : Time (s): cpu = 00:01:47 ; elapsed = 00:01:54 . Memory (MB): peak = 654.137 ; gain = 447.621
---------------------------------------------------------------------------------

Report RTL Partitions: 
+-+--------------+------------+----------+
| |RTL Partition |Replication |Instances |
+-+--------------+------------+----------+
+-+--------------+------------+----------+
---------------------------------------------------------------------------------
Start Technology Mapping
---------------------------------------------------------------------------------
---------------------------------------------------------------------------------
Finished Technology Mapping : Time (s): cpu = 00:01:47 ; elapsed = 00:01:54 . Memory (MB): peak = 654.137 ; gain = 447.621
---------------------------------------------------------------------------------
Finished Parallel Technology Mapping Optimization  : Time (s): cpu = 00:01:47 ; elapsed = 00:01:54 . Memory (MB): peak = 654.137 ; gain = 447.621

Report RTL Partitions: 
+-+--------------+------------+----------+
| |RTL Partition |Replication |Instances |
+-+--------------+------------+----------+
+-+--------------+------------+----------+
Finished Parallel Synthesis Optimization  : Time (s): cpu = 00:01:47 ; elapsed = 00:01:54 . Memory (MB): peak = 654.137 ; gain = 447.621
---------------------------------------------------------------------------------
Start IO Insertion
---------------------------------------------------------------------------------
---------------------------------------------------------------------------------
Start Flattening Before IO Insertion
---------------------------------------------------------------------------------
---------------------------------------------------------------------------------
Finished Flattening Before IO Insertion
---------------------------------------------------------------------------------
---------------------------------------------------------------------------------
Start Final Netlist Cleanup
---------------------------------------------------------------------------------
---------------------------------------------------------------------------------
Finished Final Netlist Cleanup
---------------------------------------------------------------------------------
---------------------------------------------------------------------------------
Finished IO Insertion : Time (s): cpu = 00:01:49 ; elapsed = 00:01:56 . Memory (MB): peak = 654.137 ; gain = 447.621
---------------------------------------------------------------------------------

Report Check Netlist: 
+------+------------------+-------+---------+-------+------------------+
|      |Item              |Errors |Warnings |Status |Description       |
+------+------------------+-------+---------+-------+------------------+
|1     |multi_driven_nets |      0|        0|Passed |Multi driven nets |
+------+------------------+-------+---------+-------+------------------+
---------------------------------------------------------------------------------
Start Renaming Generated Instances
---------------------------------------------------------------------------------
---------------------------------------------------------------------------------
Finished Renaming Generated Instances : Time (s): cpu = 00:01:49 ; elapsed = 00:01:56 . Memory (MB): peak = 654.137 ; gain = 447.621
---------------------------------------------------------------------------------

Report RTL Partitions: 
+-+--------------+------------+----------+
| |RTL Partition |Replication |Instances |
+-+--------------+------------+----------+
+-+--------------+------------+----------+
---------------------------------------------------------------------------------
Start Rebuilding User Hierarchy
---------------------------------------------------------------------------------
---------------------------------------------------------------------------------
Finished Rebuilding User Hierarchy : Time (s): cpu = 00:01:49 ; elapsed = 00:01:56 . Memory (MB): peak = 654.137 ; gain = 447.621
---------------------------------------------------------------------------------
---------------------------------------------------------------------------------
Start Renaming Generated Ports
---------------------------------------------------------------------------------
---------------------------------------------------------------------------------
Finished Renaming Generated Ports : Time (s): cpu = 00:01:49 ; elapsed = 00:01:56 . Memory (MB): peak = 654.137 ; gain = 447.621
---------------------------------------------------------------------------------
---------------------------------------------------------------------------------
Start Handling Custom Attributes
---------------------------------------------------------------------------------
---------------------------------------------------------------------------------
Finished Handling Custom Attributes : Time (s): cpu = 00:01:49 ; elapsed = 00:01:56 . Memory (MB): peak = 654.137 ; gain = 447.621
---------------------------------------------------------------------------------
---------------------------------------------------------------------------------
Start Renaming Generated Nets
---------------------------------------------------------------------------------
---------------------------------------------------------------------------------
Finished Renaming Generated Nets : Time (s): cpu = 00:01:49 ; elapsed = 00:01:56 . Memory (MB): peak = 654.137 ; gain = 447.621
---------------------------------------------------------------------------------
---------------------------------------------------------------------------------
Start Writing Synthesis Report
---------------------------------------------------------------------------------

Report BlackBoxes: 
+-+--------------+----------+
| |BlackBox name |Instances |
+-+--------------+----------+
+-+--------------+----------+

Report Cell Usage: 
+------+---------+------+
|      |Cell     |Count |
+------+---------+------+
|1     |CARRY4   |     9|
|2     |LUT2     |    35|
|3     |RAMB18E1 |     1|
|4     |FDRE     |   136|
+------+---------+------+
---------------------------------------------------------------------------------
Finished Writing Synthesis Report : Time (s): cpu = 00:01:49 ; elapsed = 00:01:56 . Memory (MB): peak = 654.137 ; gain = 447.621
---------------------------------------------------------------------------------
Synthesis finished with 0 errors, 0 critical warnings and 13 warnings.
Synthesis Optimization Runtime : Time (s): cpu = 00:00:50 ; elapsed = 00:01:21 . Memory (MB): peak = 654.137 ; gain = 132.102
Synthesis Optimization Complete : Time (s): cpu = 00:01:49 ; elapsed = 00:01:56 . Memory (MB): peak = 654.137 ; gain = 447.621
INFO: [Project 1-571] Translating synthesized netlist
INFO: [Netlist 29-17] Analyzing 10 Unisim elements for replacement
INFO: [Netlist 29-28] Unisim Transformation completed in 0 CPU seconds
INFO: [Project 1-570] Preparing netlist for logic optimization
Parsing XDC File [d:/Study/FPGA/FrequencyModulator/FrequencyModulator.srcs/sources_1/ip/dds_compiler_0/dds_compiler_0_ooc.xdc] for cell 'U0'
Finished Parsing XDC File [d:/Study/FPGA/FrequencyModulator/FrequencyModulator.srcs/sources_1/ip/dds_compiler_0/dds_compiler_0_ooc.xdc] for cell 'U0'
INFO: [Opt 31-138] Pushed 0 inverter(s) to 0 load pin(s).
INFO: [Project 1-111] Unisim Transformation Summary:
No Unisim elements were transformed.

INFO: [Common 17-83] Releasing license: Synthesis
19 Infos, 107 Warnings, 0 Critical Warnings and 0 Errors encountered.
synth_design completed successfully
synth_design: Time (s): cpu = 00:01:48 ; elapsed = 00:01:52 . Memory (MB): peak = 654.137 ; gain = 447.621
INFO: [Coretcl 2-1174] Renamed 12 cell refs.
report_utilization: Time (s): cpu = 00:00:00 ; elapsed = 00:00:00.073 . Memory (MB): peak = 654.137 ; gain = 0.000
INFO: [Common 17-206] Exiting Vivado at Sat May 20 23:32:14 2017...
