INFO: [VRFC 10-2263] Analyzing SystemVerilog file "D:/WorkSoftware/Xilinx/Vivado/2016.2/data/ip/xpm/xpm_cdc/hdl/xpm_cdc.sv" into library xil_defaultlib
INFO: [VRFC 10-311] analyzing module xpm_cdc_single
INFO: [VRFC 10-311] analyzing module xpm_cdc_gray
INFO: [VRFC 10-311] analyzing module xpm_cdc_handshake
INFO: [VRFC 10-311] analyzing module xpm_cdc_pulse
INFO: [VRFC 10-311] analyzing module xpm_cdc_array_single
INFO: [VRFC 10-311] analyzing module xpm_cdc_sync_rst
INFO: [VRFC 10-311] analyzing module xpm_cdc_async_rst
INFO: [VRFC 10-2263] Analyzing SystemVerilog file "D:/WorkSoftware/Xilinx/Vivado/2016.2/data/ip/xpm/xpm_memory/hdl/xpm_memory_base.sv" into library xil_defaultlib
INFO: [VRFC 10-311] analyzing module xpm_memory_base
INFO: [VRFC 10-2263] Analyzing SystemVerilog file "D:/WorkSoftware/Xilinx/Vivado/2016.2/data/ip/xpm/xpm_memory/hdl/xpm_memory_dpdistram.sv" into library xil_defaultlib
INFO: [VRFC 10-311] analyzing module xpm_memory_dpdistram
INFO: [VRFC 10-2263] Analyzing SystemVerilog file "D:/WorkSoftware/Xilinx/Vivado/2016.2/data/ip/xpm/xpm_memory/hdl/xpm_memory_dprom.sv" into library xil_defaultlib
INFO: [VRFC 10-311] analyzing module xpm_memory_dprom
INFO: [VRFC 10-2263] Analyzing SystemVerilog file "D:/WorkSoftware/Xilinx/Vivado/2016.2/data/ip/xpm/xpm_memory/hdl/xpm_memory_sdpram.sv" into library xil_defaultlib
INFO: [VRFC 10-311] analyzing module xpm_memory_sdpram
INFO: [VRFC 10-2263] Analyzing SystemVerilog file "D:/WorkSoftware/Xilinx/Vivado/2016.2/data/ip/xpm/xpm_memory/hdl/xpm_memory_spram.sv" into library xil_defaultlib
INFO: [VRFC 10-311] analyzing module xpm_memory_spram
INFO: [VRFC 10-2263] Analyzing SystemVerilog file "D:/WorkSoftware/Xilinx/Vivado/2016.2/data/ip/xpm/xpm_memory/hdl/xpm_memory_sprom.sv" into library xil_defaultlib
INFO: [VRFC 10-311] analyzing module xpm_memory_sprom
INFO: [VRFC 10-2263] Analyzing SystemVerilog file "D:/WorkSoftware/Xilinx/Vivado/2016.2/data/ip/xpm/xpm_memory/hdl/xpm_memory_tdpram.sv" into library xil_defaultlib
INFO: [VRFC 10-311] analyzing module xpm_memory_tdpram
INFO: [VRFC 10-2263] Analyzing Verilog file "D:/Study/FPGA/FrequencyModulator/FrequencyModulator.srcs/sources_1/new/FrequencyModulator.v" into library xil_defaultlib
INFO: [VRFC 10-311] analyzing module FrequencyModulator
INFO: [VRFC 10-2263] Analyzing Verilog file "D:/Study/FPGA/FrequencyModulator/FrequencyModulator.srcs/sim_1/new/DDSc_st.v" into library xil_defaultlib
INFO: [VRFC 10-311] analyzing module DDSc_st
INFO: [VRFC 10-2263] Analyzing Verilog file "D:/Study/FPGA/FrequencyModulator/FrequencyModulator.sim/sim_1/behav/glbl.v" into library xil_defaultlib
INFO: [VRFC 10-311] analyzing module glbl
INFO: [VRFC 10-163] Analyzing VHDL file "D:/WorkSoftware/Xilinx/Vivado/2016.2/data/ip/xpm/xpm_VCOMP.vhd" into library xpm
INFO: [VRFC 10-163] Analyzing VHDL file "D:/Study/FPGA/FrequencyModulator/FrequencyModulator.ip_user_files/ipstatic/xbip_utils_v3_0_6/hdl/xbip_utils_v3_0_vh_rfs.vhd" into library xbip_utils_v3_0_6
INFO: [VRFC 10-163] Analyzing VHDL file "D:/Study/FPGA/FrequencyModulator/FrequencyModulator.ip_user_files/ipstatic/xbip_pipe_v3_0_2/hdl/xbip_pipe_v3_0_vh_rfs.vhd" into library xbip_pipe_v3_0_2
INFO: [VRFC 10-307] analyzing entity xbip_pipe_v3_0_2_viv
INFO: [VRFC 10-163] Analyzing VHDL file "D:/Study/FPGA/FrequencyModulator/FrequencyModulator.ip_user_files/ipstatic/xbip_pipe_v3_0_2/hdl/xbip_pipe_v3_0.vhd" into library xbip_pipe_v3_0_2
INFO: [VRFC 10-307] analyzing entity xbip_pipe_v3_0_2
INFO: [VRFC 10-163] Analyzing VHDL file "D:/Study/FPGA/FrequencyModulator/FrequencyModulator.ip_user_files/ipstatic/xbip_bram18k_v3_0_2/hdl/xbip_bram18k_v3_0_vh_rfs.vhd" into library xbip_bram18k_v3_0_2
INFO: [VRFC 10-307] analyzing entity xbip_bram18k_synth
INFO: [VRFC 10-307] analyzing entity xbip_bram18k_rtl
INFO: [VRFC 10-307] analyzing entity xbip_bram18k_v3_0_2_viv
INFO: [VRFC 10-163] Analyzing VHDL file "D:/Study/FPGA/FrequencyModulator/FrequencyModulator.ip_user_files/ipstatic/xbip_bram18k_v3_0_2/hdl/xbip_bram18k_v3_0.vhd" into library xbip_bram18k_v3_0_2
INFO: [VRFC 10-307] analyzing entity xbip_bram18k_v3_0_2
INFO: [VRFC 10-163] Analyzing VHDL file "D:/Study/FPGA/FrequencyModulator/FrequencyModulator.ip_user_files/ipstatic/mult_gen_v12_0_11/hdl/mult_gen_v12_0_vh_rfs.vhd" into library mult_gen_v12_0_11
INFO: [VRFC 10-307] analyzing entity op_resize
INFO: [VRFC 10-307] analyzing entity delay_line
INFO: [VRFC 10-307] analyzing entity cc_compare
INFO: [VRFC 10-307] analyzing entity luts
INFO: [VRFC 10-307] analyzing entity mult18
INFO: [VRFC 10-307] analyzing entity dsp
INFO: [VRFC 10-307] analyzing entity hybrid
INFO: [VRFC 10-307] analyzing entity ccm_dist_mem
INFO: [VRFC 10-307] analyzing entity ccm_sp_block_mem
INFO: [VRFC 10-307] analyzing entity ccm_dp_block_mem
INFO: [VRFC 10-307] analyzing entity ccm_syncmem
INFO: [VRFC 10-307] analyzing entity ccm_scaled_adder
INFO: [VRFC 10-307] analyzing entity ccm_operation
INFO: [VRFC 10-307] analyzing entity ccm
INFO: [VRFC 10-307] analyzing entity three_input_adder
INFO: [VRFC 10-307] analyzing entity multmxn_lut6
INFO: [VRFC 10-307] analyzing entity mult_gen_v12_0_11_viv
INFO: [VRFC 10-163] Analyzing VHDL file "D:/Study/FPGA/FrequencyModulator/FrequencyModulator.ip_user_files/ipstatic/mult_gen_v12_0_11/hdl/mult_gen_v12_0.vhd" into library mult_gen_v12_0_11
INFO: [VRFC 10-307] analyzing entity mult_gen_v12_0_11
INFO: [VRFC 10-163] Analyzing VHDL file "D:/Study/FPGA/FrequencyModulator/FrequencyModulator.srcs/sources_1/ip/mult_gen_0/sim/mult_gen_0.vhd" into library xil_defaultlib
INFO: [VRFC 10-307] analyzing entity mult_gen_0
INFO: [VRFC 10-163] Analyzing VHDL file "D:/Study/FPGA/FrequencyModulator/FrequencyModulator.ip_user_files/ipstatic/axi_utils_v2_0_2/hdl/axi_utils_v2_0_vh_rfs.vhd" into library axi_utils_v2_0_2
INFO: [VRFC 10-307] analyzing entity glb_srl_fifo
INFO: [VRFC 10-307] analyzing entity glb_ifx_slave
INFO: [VRFC 10-307] analyzing entity glb_ifx_master
INFO: [VRFC 10-307] analyzing entity axi_slave_2to1
INFO: [VRFC 10-307] analyzing entity axi_slave_3to1
INFO: [VRFC 10-307] analyzing entity axi_slave_4to1
INFO: [VRFC 10-163] Analyzing VHDL file "D:/Study/FPGA/FrequencyModulator/FrequencyModulator.ip_user_files/ipstatic/xbip_dsp48_wrapper_v3_0_4/hdl/xbip_dsp48_wrapper_v3_0_vh_rfs.vhd" into library xbip_dsp48_wrapper_v3_0_4
INFO: [VRFC 10-307] analyzing entity xbip_dsp48a_wrapper_v3_0
INFO: [VRFC 10-307] analyzing entity xbip_dsp48a1_wrapper_v3_0
INFO: [VRFC 10-307] analyzing entity xbip_dsp48e_wrapper_v3_0
INFO: [VRFC 10-307] analyzing entity xbip_dsp48e1_wrapper_v3_0
INFO: [VRFC 10-307] analyzing entity xbip_dsp48e2_wrapper_v3_0
INFO: [VRFC 10-307] analyzing entity xbip_dsp48_wrapper_v3_0_4
INFO: [VRFC 10-163] Analyzing VHDL file "D:/Study/FPGA/FrequencyModulator/FrequencyModulator.ip_user_files/ipstatic/xbip_dsp48_addsub_v3_0_2/hdl/xbip_dsp48_addsub_v3_0_vh_rfs.vhd" into library xbip_dsp48_addsub_v3_0_2
INFO: [VRFC 10-307] analyzing entity xbip_dsp48_addsub_rtl
INFO: [VRFC 10-307] analyzing entity xbip_dsp48_addsub_synth
INFO: [VRFC 10-307] analyzing entity xbip_dsp48_addsub_v3_0_2_viv
INFO: [VRFC 10-163] Analyzing VHDL file "D:/Study/FPGA/FrequencyModulator/FrequencyModulator.ip_user_files/ipstatic/xbip_dsp48_addsub_v3_0_2/hdl/xbip_dsp48_addsub_v3_0.vhd" into library xbip_dsp48_addsub_v3_0_2
INFO: [VRFC 10-307] analyzing entity xbip_dsp48_addsub_v3_0_2
INFO: [VRFC 10-163] Analyzing VHDL file "D:/Study/FPGA/FrequencyModulator/FrequencyModulator.ip_user_files/ipstatic/xbip_dsp48_multadd_v3_0_2/hdl/xbip_dsp48_multadd_v3_0_vh_rfs.vhd" into library xbip_dsp48_multadd_v3_0_2
INFO: [VRFC 10-307] analyzing entity xbip_dsp48_multadd_rtl
INFO: [VRFC 10-307] analyzing entity xbip_dsp48_multadd_synth
INFO: [VRFC 10-307] analyzing entity xbip_dsp48_multadd_v3_0_2_viv
INFO: [VRFC 10-163] Analyzing VHDL file "D:/Study/FPGA/FrequencyModulator/FrequencyModulator.ip_user_files/ipstatic/xbip_dsp48_multadd_v3_0_2/hdl/xbip_dsp48_multadd_v3_0.vhd" into library xbip_dsp48_multadd_v3_0_2
INFO: [VRFC 10-307] analyzing entity xbip_dsp48_multadd_v3_0_2
INFO: [VRFC 10-163] Analyzing VHDL file "D:/Study/FPGA/FrequencyModulator/FrequencyModulator.ip_user_files/ipstatic/dds_compiler_v6_0_12/hdl/dds_compiler_v6_0_vh_rfs.vhd" into library dds_compiler_v6_0_12
INFO: [VRFC 10-307] analyzing entity dither_wrap
INFO: [VRFC 10-307] analyzing entity pipe_add
INFO: [VRFC 10-307] analyzing entity lut_ram
INFO: [VRFC 10-307] analyzing entity lut5_ram
INFO: [VRFC 10-307] analyzing entity sin_cos
INFO: [VRFC 10-307] analyzing entity sin_cos_quad_rast
INFO: [VRFC 10-307] analyzing entity dsp48_wrap
INFO: [VRFC 10-307] analyzing entity accum
INFO: [VRFC 10-307] analyzing entity raster_accum
INFO: [VRFC 10-307] analyzing entity dds_compiler_v6_0_12_eff_lut
INFO: [VRFC 10-307] analyzing entity dds_compiler_v6_0_12_eff
INFO: [VRFC 10-307] analyzing entity dds_compiler_v6_0_12_rdy
INFO: [VRFC 10-307] analyzing entity dds_compiler_v6_0_12_core
INFO: [VRFC 10-307] analyzing entity dds_compiler_v6_0_12_viv
INFO: [VRFC 10-163] Analyzing VHDL file "D:/Study/FPGA/FrequencyModulator/FrequencyModulator.ip_user_files/ipstatic/dds_compiler_v6_0_12/hdl/dds_compiler_v6_0.vhd" into library dds_compiler_v6_0_12
INFO: [VRFC 10-307] analyzing entity dds_compiler_v6_0_12
INFO: [VRFC 10-163] Analyzing VHDL file "D:/Study/FPGA/FrequencyModulator/FrequencyModulator.srcs/sources_1/ip/dds_compiler_0/sim/dds_compiler_0.vhd" into library xil_defaultlib
INFO: [VRFC 10-307] analyzing entity dds_compiler_0
INFO: [VRFC 10-163] Analyzing VHDL file "D:/Study/FPGA/FrequencyModulator/FrequencyModulator.ip_user_files/ipstatic/c_reg_fd_v12_0_2/hdl/c_reg_fd_v12_0_vh_rfs.vhd" into library c_reg_fd_v12_0_2
INFO: [VRFC 10-307] analyzing entity c_reg_fd_v12_0_2_viv
INFO: [VRFC 10-163] Analyzing VHDL file "D:/Study/FPGA/FrequencyModulator/FrequencyModulator.ip_user_files/ipstatic/c_reg_fd_v12_0_2/hdl/c_reg_fd_v12_0.vhd" into library c_reg_fd_v12_0_2
INFO: [VRFC 10-307] analyzing entity c_reg_fd_v12_0_2
INFO: [VRFC 10-163] Analyzing VHDL file "D:/Study/FPGA/FrequencyModulator/FrequencyModulator.ip_user_files/ipstatic/xbip_addsub_v3_0_2/hdl/xbip_addsub_v3_0_vh_rfs.vhd" into library xbip_addsub_v3_0_2
INFO: [VRFC 10-307] analyzing entity xbip_addsub_v3_0_2_viv
INFO: [VRFC 10-163] Analyzing VHDL file "D:/Study/FPGA/FrequencyModulator/FrequencyModulator.ip_user_files/ipstatic/xbip_addsub_v3_0_2/hdl/xbip_addsub_v3_0.vhd" into library xbip_addsub_v3_0_2
INFO: [VRFC 10-307] analyzing entity xbip_addsub_v3_0_2
INFO: [VRFC 10-163] Analyzing VHDL file "D:/Study/FPGA/FrequencyModulator/FrequencyModulator.ip_user_files/ipstatic/c_addsub_v12_0_9/hdl/c_addsub_v12_0_vh_rfs.vhd" into library c_addsub_v12_0_9
INFO: [VRFC 10-307] analyzing entity c_addsub_v12_0_9_lut6_legacy
INFO: [VRFC 10-307] analyzing entity c_addsub_v12_0_9_base_legacy
INFO: [VRFC 10-307] analyzing entity c_addsub_v12_0_9_fabric_legacy
INFO: [VRFC 10-307] analyzing entity c_addsub_v12_0_9_legacy
INFO: [VRFC 10-307] analyzing entity c_addsub_v12_0_9_viv
INFO: [VRFC 10-163] Analyzing VHDL file "D:/Study/FPGA/FrequencyModulator/FrequencyModulator.ip_user_files/ipstatic/c_addsub_v12_0_9/hdl/c_addsub_v12_0.vhd" into library c_addsub_v12_0_9
INFO: [VRFC 10-307] analyzing entity c_addsub_v12_0_9
INFO: [VRFC 10-163] Analyzing VHDL file "D:/Study/FPGA/FrequencyModulator/FrequencyModulator.srcs/sources_1/ip/c_addsub_0/sim/c_addsub_0.vhd" into library xil_defaultlib
INFO: [VRFC 10-307] analyzing entity c_addsub_0
